{"logTime": "0311/001704", "correlationVector":"K7jtc1b1UI8UbWHg8prDo3.1","action":"SyncServerConnectionManagerRequest", "result":"SYNC_SERVER_OK", "context":{"environment":"Prod_SoutheastAsia_000j", "server":"general01000002"}}
{"logTime": "0311/001704", "correlationVector":"K7jtc1b1UI8UbWHg8prDo3","action":"Initial GetUpdates", "result":"", "context":Reason: NEW_CLIENT. cV=K7jtc1b1UI8UbWHg8prDo3}
{"logTime": "0311/001704", "correlationVector":"K7jtc1b1UI8UbWHg8prDo3.2","action":"GetUpdates Response", "result":"SYNCER_OK", "context":Received 1 update(s). cV=K7jtc1b1UI8UbWHg8prDo3.0;server=general01000002;cloudType=Consumer;environment=Prod_SoutheastAsia_000j;migrationStage=NotStarted}
{"logTime": "0311/001705", "correlationVector":"uSnhUXH/j7j8GSWbS0dGwZ","action":"SyncServerConnectionManagerRequest", "result":"SYNC_SERVER_OK", "context":{"environment":"", "server":""}}
{"logTime": "0311/001705", "correlationVector":"sXiuDpO5c4m5TS8/0AXs5r","action":"Initial GetUpdates", "result":"", "context":Reason: NEW_CLIENT. cV=sXiuDpO5c4m5TS8/0AXs5r}
{"logTime": "0311/001705", "correlationVector":"sXiuDpO5c4m5TS8/0AXs5r.1","action":"SyncServerConnectionManagerRequest", "result":"SYNC_SERVER_OK", "context":{"environment":"Prod_SoutheastAsia_000j", "server":"general01000019"}}
{"logTime": "0311/001705", "correlationVector":"sXiuDpO5c4m5TS8/0AXs5r.2","action":"GetUpdates Response", "result":"SYNCER_OK", "context":Received 19 update(s). cV=sXiuDpO5c4m5TS8/0AXs5r.0;server=general01000019;cloudType=Consumer;environment=Prod_SoutheastAsia_000j;migrationStage=NotStarted}
{"logTime": "0311/001705", "correlationVector":"ERxvLBKAeEYPnG+006S5sn","action":"Normal GetUpdate request", "result":"", "context":cV=ERxvLBKAeEYPnG+006S5sn
Nudged types: Device Info, User Consents
Refresh requested types: Device Info, User Consents, Send Tab To Self, Encryption Keys}
{"logTime": "0311/001705", "correlationVector":"ERxvLBKAeEYPnG+006S5sn.1","action":"SyncServerConnectionManagerRequest", "result":"SYNC_SERVER_OK", "context":{"environment":"Prod_SoutheastAsia_000j", "server":"general01000012"}}
{"logTime": "0311/001705", "correlationVector":"ERxvLBKAeEYPnG+006S5sn.2","action":"GetUpdates Response", "result":"SYNCER_OK", "context":Received 0 update(s). cV=ERxvLBKAeEYPnG+006S5sn.0;server=general01000012;cloudType=Consumer;environment=Prod_SoutheastAsia_000j;migrationStage=NotStarted}
{"logTime": "0311/001705", "correlationVector":"ktYG8MM8GNN6yQ3qXgoGP8","action":"Commit Request", "result":"", "context":Item count: 1
Contributing types: Device Info}
{"logTime": "0311/001706", "correlationVector":"ktYG8MM8GNN6yQ3qXgoGP8.1","action":"SyncServerConnectionManagerRequest", "result":"SYNC_SERVER_OK", "context":{"environment":"Prod_SoutheastAsia_000j", "server":"general0100001K"}}
{"logTime": "0311/001706", "correlationVector":"ktYG8MM8GNN6yQ3qXgoGP8.2","action":"Commit Response", "result":"SYNCER_OK", "context":Result: SYNCER_OK. cV=ktYG8MM8GNN6yQ3qXgoGP8.0;server=general0100001K;cloudType=Consumer;environment=Prod_SoutheastAsia_000j;migrationStage=NotStarted}
{"logTime": "0311/001706", "correlationVector":"4ZgGn/LOMKSr5SrvRvDYwe","action":"Commit Request", "result":"", "context":Item count: 2
Contributing types: User Consents}
{"logTime": "0311/001706", "correlationVector":"4ZgGn/LOMKSr5SrvRvDYwe.1","action":"SyncServerConnectionManagerRequest", "result":"SYNC_SERVER_OK", "context":{"environment":"Prod_SoutheastAsia_000j", "server":"general01000007"}}
{"logTime": "0311/001706", "correlationVector":"4ZgGn/LOMKSr5SrvRvDYwe.2","action":"Commit Response", "result":"SYNCER_OK", "context":Result: SYNCER_OK. cV=4ZgGn/LOMKSr5SrvRvDYwe.0;server=general01000007;cloudType=Consumer;environment=Prod_SoutheastAsia_000j;migrationStage=NotStarted}
{"logTime": "0311/001707", "correlationVector":"ol6jVztRvgWqjM1SGGJiuS","action":"Normal GetUpdate request", "result":"", "context":cV=ol6jVztRvgWqjM1SGGJiuS
Notified types: Device Info}
{"logTime": "0311/001708", "correlationVector":"ol6jVztRvgWqjM1SGGJiuS.1","action":"SyncServerConnectionManagerRequest", "result":"SYNC_SERVER_OK", "context":{"environment":"Prod_SoutheastAsia_000j", "server":"general0100001C"}}
{"logTime": "0311/001708", "correlationVector":"ol6jVztRvgWqjM1SGGJiuS.2","action":"GetUpdates Response", "result":"SYNCER_OK", "context":Received 1 update(s). cV=ol6jVztRvgWqjM1SGGJiuS.0;server=general0100001C;cloudType=Consumer;environment=Prod_SoutheastAsia_000j;migrationStage=NotStarted}
